  STL_Vector.cpp
C:\Users\Нежнов\source\repos\STL_Vector\STL_Vector\STL_Vector.cpp(127,16): warning C4305: =: усечение из "double" в "T"
          with
          [
              T=float
          ]
C:\Users\Нежнов\source\repos\STL_Vector\STL_Vector\STL_Vector.cpp(129,16): warning C4305: =: усечение из "double" в "T"
          with
          [
              T=float
          ]
C:\Users\Нежнов\source\repos\STL_Vector\STL_Vector\STL_Vector.cpp(131,16): warning C4305: =: усечение из "double" в "T"
          with
          [
              T=float
          ]
C:\Users\Нежнов\source\repos\STL_Vector\STL_Vector\STL_Vector.cpp(133,58): warning C4305: инициализация: усечение из "double" в "float"
C:\Users\Нежнов\source\repos\STL_Vector\STL_Vector\STL_Vector.cpp(145,16): warning C4305: =: усечение из "double" в "T"
          with
          [
              T=float
          ]
C:\Users\Нежнов\source\repos\STL_Vector\STL_Vector\STL_Vector.cpp(147,16): warning C4305: =: усечение из "double" в "T"
          with
          [
              T=float
          ]
C:\Users\Нежнов\source\repos\STL_Vector\STL_Vector\STL_Vector.cpp(149,16): warning C4305: =: усечение из "double" в "T"
          with
          [
              T=float
          ]
C:\Users\Нежнов\source\repos\STL_Vector\STL_Vector\STL_Vector.cpp(57): warning C4715: SimpleVector<int>::operator[]: значение возвращается не при всех путях выполнения
C:\Users\Нежнов\source\repos\STL_Vector\STL_Vector\STL_Vector.cpp(57): warning C4715: SimpleVector<float>::operator[]: значение возвращается не при всех путях выполнения
  STL_Vector.vcxproj -> C:\Users\Нежнов\source\repos\STL_Vector\Debug\STL_Vector.exe
